This is pdfeTeX, Version 3.141592-1.21a-2.2 (Web2C 7.5.4) (format=pdflatex 2007.2.9)  26 JUN 2008 13:22
entering extended mode
\write18 enabled.
**Manual.tex
(./Manual.tex
LaTeX2e <2003/12/01>
Babel <v3.8d> and hyphenation patterns for american, french, german, ngerman, b
ahasa, basque, bulgarian, catalan, croatian, czech, danish, dutch, esperanto, e
stonian, finnish, greek, icelandic, irish, italian, latin, magyar, norsk, polis
h, portuges, romanian, russian, serbian, slovak, slovene, spanish, swedish, tur
kish, ukrainian, nohyphenation, loaded.
(/opt/local/share/texmf-dist/tex/latex/base/book.cls
Document Class: book 2004/02/16 v1.4f Standard LaTeX document class
(/opt/local/share/texmf-dist/tex/latex/base/bk10.clo
File: bk10.clo 2004/02/16 v1.4f Standard LaTeX file (size option)
)
\c@part=\count79
\c@chapter=\count80
\c@section=\count81
\c@subsection=\count82
\c@subsubsection=\count83
\c@paragraph=\count84
\c@subparagraph=\count85
\c@figure=\count86
\c@table=\count87
\abovecaptionskip=\skip41
\belowcaptionskip=\skip42
\bibindent=\dimen102
)
(/opt/local/share/texmf-dist/tex/latex/graphics/graphicx.sty
Package: graphicx 1999/02/16 v1.0f Enhanced LaTeX Graphics (DPC,SPQR)

(/opt/local/share/texmf-dist/tex/latex/graphics/keyval.sty
Package: keyval 1999/03/16 v1.13 key=value parser (DPC)
\KV@toks@=\toks14
)
(/opt/local/share/texmf-dist/tex/latex/graphics/graphics.sty
Package: graphics 2001/07/07 v1.0n Standard LaTeX Graphics (DPC,SPQR)

(/opt/local/share/texmf-dist/tex/latex/graphics/trig.sty
Package: trig 1999/03/16 v1.09 sin cos tan (DPC)
)
(/opt/local/share/texmf-dist/tex/latex/graphics/graphics.cfg
File: graphics.cfg 2005/02/03 v1.3 graphics configuration of teTeX/TeXLive
)
Package graphics Info: Driver file: pdftex.def on input line 80.

(/opt/local/share/texmf-dist/tex/latex/graphics/pdftex.def
File: pdftex.def 2002/06/19 v0.03k graphics/color for pdftex
\Gread@gobject=\count88
))
\Gin@req@height=\dimen103
\Gin@req@width=\dimen104
)
(/opt/local/share/texmf-dist/tex/latex/base/fontenc.sty
Package: fontenc 2004/02/22 v1.99f Standard LaTeX package

(/opt/local/share/texmf-dist/tex/latex/base/t1enc.def
File: t1enc.def 2004/02/22 v1.99f Standard LaTeX file
LaTeX Font Info:    Redeclaring font encoding T1 on input line 43.
))
(/opt/local/share/texmf-dist/tex/latex/base/inputenc.sty
Package: inputenc 2004/02/05 v1.0d Input encoding file

(/opt/local/share/texmf-dist/tex/latex/base/latin9.def
File: latin9.def 2004/02/05 v1.0d Input encoding file
))
(/opt/local/share/texmf-dist/tex/latex/url/url.sty
\Urlmuskip=\muskip10
Package: url 2004/03/15  ver 3.1  Verb mode for urls, etc.
)
(/opt/local/share/texmf-dist/tex/latex/tools/xspace.sty
Package: xspace 1997/10/13 v1.06 Space after command names (DPC)
) (./Manual.aux)
\openout1 = `Manual.aux'.

LaTeX Font Info:    Checking defaults for OML/cmm/m/it on input line 17.
LaTeX Font Info:    ... okay on input line 17.
LaTeX Font Info:    Checking defaults for T1/cmr/m/n on input line 17.
LaTeX Font Info:    ... okay on input line 17.
LaTeX Font Info:    Checking defaults for OT1/cmr/m/n on input line 17.
LaTeX Font Info:    ... okay on input line 17.
LaTeX Font Info:    Checking defaults for OMS/cmsy/m/n on input line 17.
LaTeX Font Info:    ... okay on input line 17.
LaTeX Font Info:    Checking defaults for OMX/cmex/m/n on input line 17.
LaTeX Font Info:    ... okay on input line 17.
LaTeX Font Info:    Checking defaults for U/cmr/m/n on input line 17.
LaTeX Font Info:    ... okay on input line 17.

(/opt/local/share/texmf-dist/tex/context/base/supp-pdf.tex
(/opt/local/share/texmf-dist/tex/context/base/supp-mis.tex
loading : Context Support Macros / Miscellaneous (2004.10.26)
\protectiondepth=\count89
\scratchcounter=\count90
\scratchtoks=\toks15
\scratchdimen=\dimen105
\scratchskip=\skip43
\scratchmuskip=\muskip11
\scratchbox=\box26
\scratchread=\read1
\scratchwrite=\write3
\zeropoint=\dimen106
\onepoint=\dimen107
\onebasepoint=\dimen108
\minusone=\count91
\thousandpoint=\dimen109
\onerealpoint=\dimen110
\emptytoks=\toks16
\nextbox=\box27
\nextdepth=\dimen111
\everyline=\toks17
\!!counta=\count92
\!!countb=\count93
\recursecounter=\count94
)
loading : Context Support Macros / PDF (2004.03.26)
\nofMPsegments=\count95
\nofMParguments=\count96
\MPscratchCnt=\count97
\MPscratchDim=\dimen112
\MPnumerator=\count98
\everyMPtoPDFconversion=\toks18
)
LaTeX Font Info:    External font `cmex10' loaded for size
(Font)              <12> on input line 25.
LaTeX Font Info:    External font `cmex10' loaded for size
(Font)              <8> on input line 25.
LaTeX Font Info:    External font `cmex10' loaded for size
(Font)              <6> on input line 25.
 [1


{/opt/local/share/texmf-var/fonts/map/pdftex/updmap/pdftex.map}]
(./Manual.toc
LaTeX Font Info:    External font `cmex10' loaded for size
(Font)              <7> on input line 2.
LaTeX Font Info:    External font `cmex10' loaded for size
(Font)              <5> on input line 2.
 [1

] [2])
\tf@toc=\write4
\openout4 = `Manual.toc'.

 [3]
Chapter 1.
[4

] <litreview-example-alphametic.pdf, id=43, 142.5325pt x 113.42375pt>
File: litreview-example-alphametic.pdf Graphic file (type pdf)

<use litreview-example-alphametic.pdf>
LaTeX Font Info:    Try loading font information for OMS+cmr on input line 100.


(/opt/local/share/texmf-dist/tex/latex/base/omscmr.fd
File: omscmr.fd 1999/05/25 v2.5h Standard LaTeX font definitions
)
LaTeX Font Info:    Font shape `OMS/cmr/m/n' in size <10> not available
(Font)              Font shape `OMS/cmsy/m/n' tried instead on input line 100.
 [5 <./litreview-example-alphametic.pdf
Warning: /opt/local/bin/pdflatex (file ./litreview-example-alphametic.pdf): pdf
 inclusion: Page Group detected which pdfTeX can't handle. Ignoring it.
>] <litreview-solver-diagram.pdf, id=54, 967.615pt x 483.8075pt>
File: litreview-solver-diagram.pdf Graphic file (type pdf)

<use litreview-solver-diagram.pdf>
LaTeX Font Info:    Try loading font information for T1+cmtt on input line 173.


(/opt/local/share/texmf-dist/tex/latex/base/t1cmtt.fd
File: t1cmtt.fd 1999/05/25 v2.5h Standard LaTeX font definitions
)
Overfull \hbox (1.02661pt too wide) in paragraph at lines 180--184
\T1/cmr/m/n/10 Download the win-dows archive minion-x.y.z-windows.zip and un-pa
ck, you should
 []

[6] [7 <./litreview-solver-diagram.pdf
Warning: /opt/local/bin/pdflatex (file ./litreview-solver-diagram.pdf): pdf inc
lusion: Page Group detected which pdfTeX can't handle. Ignoring it.
>]
LaTeX Font Info:    Font shape `T1/cmtt/bx/n' in size <10> not available
(Font)              Font shape `T1/cmtt/m/n' tried instead on input line 243.
 [8] [9]
Chapter 2.
[10

]
LaTeX Font Info:    External font `cmex10' loaded for size
(Font)              <14.4> on input line 360.
 [11] [12] [13] [14] [15]
Underfull \hbox (badness 10000) in paragraph at lines 740--745

 []

[16]
Overfull \hbox (9.45004pt too wide) in paragraph at lines 754--795
 [] 
 []

[17] [18] [19] [20]
Overfull \hbox (69.64874pt too wide) in paragraph at lines 1016--1016
[]\T1/cmtt/m/n/10 $the value allocated to each position of the matrix represent
s positon of house[] 
 []

[21]
Overfull \hbox (85.3949pt too wide) in paragraph at lines 1016--1016
[]\T1/cmtt/m/n/10 $The man who smokes Chesterfields lives in the house next to 
the man with the fox.[] 
 []


Overfull \hbox (38.15643pt too wide) in paragraph at lines 1016--1016
[]\T1/cmtt/m/n/10 $Kools are smoked in the house next to the house where the ho
rse is kept.[] 
 []

[22]
Overfull \hbox (85.3949pt too wide) in paragraph at lines 1031--1031
[]\T1/cmtt/m/n/10 forall i : int(1..n). forall j : int(i+1..n). | queens[i] - q
ueens[j] | != |i - j|[] 
 []

[23]
Chapter 3.
[24

]
Overfull \hbox (20.27585pt too wide) in paragraph at lines 1057--1058
[]\T1/cmr/m/n/10 In any prob-lem, chang-ing a \T1/cmtt/m/n/10 BOOL \T1/cmr/m/n/
10 vari-able to a \T1/cmtt/m/n/10 DISCRETE\T1/cmr/m/n/10 , \T1/cmtt/m/n/10 BOUN
D \T1/cmr/m/n/10 or \T1/cmtt/m/n/10 SPARSEBOUND
 []


Overfull \hbox (11.0303pt too wide) in paragraph at lines 1061--1062
\T1/cmr/m/n/10 the sparse do-main should pro-duce iden-ti-cal searches, ex-cept
 the \T1/cmtt/m/n/10 SPARSEBOUND
 []

[25]
Overfull \hbox (4.86023pt too wide) in paragraph at lines 1087--1088
[]\T1/cmr/m/n/10 Overrides Min-ion's de-fault and names the ex-e-cutable 'name'
. 
 []

[26] [27]
Chapter 4.
[28

] [29]
Underfull \hbox (badness 10000) in paragraph at lines 1184--1188

 []

[30] [31] [32]
Overfull \hbox (23.88214pt too wide) in paragraph at lines 1297--1298
\T1/cmr/m/n/10 Essence' file is \T1/cmtt/m/n/10 SENDMOREMONEY.eprime \T1/cmr/m/
n/10 and the Min-ion file is \T1/cmtt/m/n/10 SENDMOREMONEY.minion\T1/cmr/m/n/10
 .
 []

[33] <EightPuzzleDiagram.pdf, id=164, 1027.84pt x 770.88pt>
File: EightPuzzleDiagram.pdf Graphic file (type pdf)

<use EightPuzzleDiagram.pdf> [34] [35 <./EightPuzzleDiagram.pdf>] [36] [37]
[38]
Overfull \hbox (12.74597pt too wide) in paragraph at lines 1538--1539
\T1/cmtt/m/n/10 /summer_school/examples\T1/cmr/m/n/10 , the Essence' file is ca
lled \T1/cmtt/m/n/10 K4P2GracefulGraph.eprime
 []

<k4xp2.pdf, id=189, 1027.84pt x 770.88pt>
File: k4xp2.pdf Graphic file (type pdf)
 <use k4xp2.pdf> [39 <./k4xp2.pdf>]
[40]
Overfull \hbox (2.93578pt too wide) in paragraph at lines 1621--1622
\T1/cmr/m/n/10 edges[a], the first of these con-straints from the Essence' spec
-i-fi-ca-tion is $\OMS/cmsy/m/n/10 j\OML/cmm/m/it/10 nodes\OT1/cmr/m/n/10 [1] \
OMS/cmsy/m/n/10 ^^@
 []

[41] [42] [43] [44] [45]
Overfull \hbox (26.07329pt too wide) in paragraph at lines 1841--1842
[]$\OML/cmm/m/it/10 nationality\OT1/cmr/m/n/10 [5] = \OML/cmm/m/it/10 smoke\OT1
/cmr/m/n/10 [5]$ \T1/cmr/m/n/10 be-comes by count-ing in-dices from zero: $\OML
/cmm/m/it/10 nationality\OT1/cmr/m/n/10 [4] =
 []

[46]
Overfull \hbox (22.54387pt too wide) in paragraph at lines 1891--1892
[]$\OML/cmm/m/it/10 nationality\OT1/cmr/m/n/10 [3] = \OML/cmm/m/it/10 drink\OT1
/cmr/m/n/10 [2]$ \T1/cmr/m/n/10 be-comes by count-ing in-dices from zero: $\OML
/cmm/m/it/10 nationality\OT1/cmr/m/n/10 [2] =
 []


Overfull \hbox (15.56744pt too wide) in paragraph at lines 1901--1902
[]$\OML/cmm/m/it/10 nationality\OT1/cmr/m/n/10 [2] = \OML/cmm/m/it/10 pets\OT1/
cmr/m/n/10 [1]$ \T1/cmr/m/n/10 be-comes by count-ing in-dices from zero: $\OML/
cmm/m/it/10 nationality\OT1/cmr/m/n/10 [1] =
 []


Overfull \hbox (25.29785pt too wide) in paragraph at lines 1906--1907
[]$\OML/cmm/m/it/10 nationality\OT1/cmr/m/n/10 [1] = \OML/cmm/m/it/10 colour\OT
1/cmr/m/n/10 [1]$ \T1/cmr/m/n/10 be-comes by count-ing in-dices from zero: $\OM
L/cmm/m/it/10 nationality\OT1/cmr/m/n/10 [0] =
 []

[47] [48] [49] [50]
Appendix A.
[51

] [52] [53] [54] [55] [56] [57] [58] [59] [60] [61] [62] [63] [64] [65]
[66] [67] [68] [69] [70] [71] [72] [73] [74] [75] [76] [77] [78] [79] [80]
[81] (./Manual.bbl [82] [83

]) [84] (./Manual.aux) ) 
Here is how much of TeX's memory you used:
 1375 strings out of 94500
 16763 string characters out of 1174974
 65536 words of memory out of 1000000
 4537 multiletter control sequences out of 10000+50000
 23005 words of font info for 48 fonts, out of 500000 for 2000
 580 hyphenation exceptions out of 1000
 25i,8n,20p,1486b,320s stack positions out of 1500i,500n,5000p,200000b,5000s
PDF statistics:
 347 PDF objects out of 300000
 0 named destinations out of 131072
 21 words of extra memory for PDF output out of 65536
 </var/tmp/texfonts/pk/ljfour/jknappen/ec/ectt0800.600p
k></opt/local/share/texmf-dist/fonts/type1/bluesky/cm/cmmi12.pfb></opt/local/sh
are/texmf-dist/fonts/type1/bluesky/cm/cmsy8.pfb></opt/local/share/texmf-dist/fo
nts/type1/bluesky/cm/cmex10.pfb> </var/tmp/texfonts/pk/ljfour/jknappen/ec/ecrm0
800.600pk> </var/tmp/texfonts/pk/ljfour/jknappen/ec/ecrm0600.600pk> </var/tmp/t
exfonts/pk/ljfour/jknappen/ec/ecrm0700.600pk> </var/tmp/texfonts/pk/ljfour/jkna
ppen/ec/eccc1440.600pk> </var/tmp/texfonts/pk/ljfour/jknappen/ec/eccc1200.600pk
> </var/tmp/texfonts/pk/ljfour/jknappen/ec/ectt1000.600pk> </var/tmp/texfonts/p
k/ljfour/jknappen/ec/ecbx1200.600pk></opt/local/share/texmf-dist/fonts/type1/bl
uesky/cm/cmr10.pfb> </var/tmp/texfonts/pk/ljfour/jknappen/ec/ecti1000.600pk> </
var/tmp/texfonts/pk/ljfour/jknappen/ec/ecbx1440.600pk> </var/tmp/texfonts/pk/lj
four/jknappen/ec/ecbx2074.600pk></opt/local/share/texmf-dist/fonts/type1/bluesk
y/cm/cmsy10.pfb></opt/local/share/texmf-dist/fonts/type1/bluesky/cm/cmr7.pfb></
opt/local/share/texmf-dist/fonts/type1/bluesky/cm/cmmi10.pfb> </var/tmp/texfont
s/pk/ljfour/jknappen/ec/ecsl1000.600pk></opt/local/share/texmf-dist/fonts/type1
/bluesky/cm/cmsy7.pfb> </var/tmp/texfonts/pk/ljfour/jknappen/ec/eccc1000.600pk>
 </var/tmp/texfonts/pk/ljfour/jknappen/ec/ecrm1000.600pk> </var/tmp/texfonts/pk
/ljfour/jknappen/ec/ecbx1000.600pk> </var/tmp/texfonts/pk/ljfour/jknappen/ec/ec
bx2488.600pk> </var/tmp/texfonts/pk/ljfour/jknappen/ec/ecrm1200.600pk> </var/tm
p/texfonts/pk/ljfour/jknappen/ec/ecrm1728.600pk> </var/tmp/texfonts/pk/ljfour/j
knappen/ec/ecbx1728.600pk>
Output written on Manual.pdf (85 pages, 447267 bytes).
